0 info it worked if it ends with ok
1 verbose cli [ '/home/ariel/.nvm/v6.9.4/bin/node',
1 verbose cli   '/home/ariel/.nvm/v6.9.4/bin/npm',
1 verbose cli   'start' ]
2 info using npm@3.10.10
3 info using node@v6.9.4
4 verbose run-script [ 'prestart', 'start', 'poststart' ]
5 info lifecycle global-extractos@1.0.0~prestart: global-extractos@1.0.0
6 silly lifecycle global-extractos@1.0.0~prestart: no script for prestart, continuing
7 info lifecycle global-extractos@1.0.0~start: global-extractos@1.0.0
8 verbose lifecycle global-extractos@1.0.0~start: unsafe-perm in lifecycle true
9 verbose lifecycle global-extractos@1.0.0~start: PATH: /home/ariel/.nvm/v6.9.4/lib/node_modules/npm/bin/node-gyp-bin:/var/www/html/global-extractos/node_modules/.bin:/home/ariel/.nvm/v6.9.4/bin:/home/ariel/.composer/vendor/bin:/home/ariel/.composer/vendor/bin:/usr/local/sbin:/usr/local/bin:/usr/sbin:/usr/bin:/sbin:/bin:/usr/games:/usr/local/games:/snap/bin:/snap/bin
10 verbose lifecycle global-extractos@1.0.0~start: CWD: /var/www/html/global-extractos
11 silly lifecycle global-extractos@1.0.0~start: Args: [ '-c', 'tsc && concurrently "npm run tsc:w" "npm run lite" ' ]
12 silly lifecycle global-extractos@1.0.0~start: Returned: code: 2  signal: null
13 info lifecycle global-extractos@1.0.0~start: Failed to exec start script
14 verbose stack Error: global-extractos@1.0.0 start: `tsc && concurrently "npm run tsc:w" "npm run lite" `
14 verbose stack Exit status 2
14 verbose stack     at EventEmitter.<anonymous> (/home/ariel/.nvm/v6.9.4/lib/node_modules/npm/lib/utils/lifecycle.js:255:16)
14 verbose stack     at emitTwo (events.js:106:13)
14 verbose stack     at EventEmitter.emit (events.js:191:7)
14 verbose stack     at ChildProcess.<anonymous> (/home/ariel/.nvm/v6.9.4/lib/node_modules/npm/lib/utils/spawn.js:40:14)
14 verbose stack     at emitTwo (events.js:106:13)
14 verbose stack     at ChildProcess.emit (events.js:191:7)
14 verbose stack     at maybeClose (internal/child_process.js:877:16)
14 verbose stack     at Process.ChildProcess._handle.onexit (internal/child_process.js:226:5)
15 verbose pkgid global-extractos@1.0.0
16 verbose cwd /var/www/html/global-extractos
17 error Linux 4.10.0-26-generic
18 error argv "/home/ariel/.nvm/v6.9.4/bin/node" "/home/ariel/.nvm/v6.9.4/bin/npm" "start"
19 error node v6.9.4
20 error npm  v3.10.10
21 error code ELIFECYCLE
22 error global-extractos@1.0.0 start: `tsc && concurrently "npm run tsc:w" "npm run lite" `
22 error Exit status 2
23 error Failed at the global-extractos@1.0.0 start script 'tsc && concurrently "npm run tsc:w" "npm run lite" '.
23 error Make sure you have the latest version of node.js and npm installed.
23 error If you do, this is most likely a problem with the global-extractos package,
23 error not with npm itself.
23 error Tell the author that this fails on your system:
23 error     tsc && concurrently "npm run tsc:w" "npm run lite"
23 error You can get information on how to open an issue for this project with:
23 error     npm bugs global-extractos
23 error Or if that isn't available, you can get their info via:
23 error     npm owner ls global-extractos
23 error There is likely additional logging output above.
24 verbose exit [ 1, true ]
